[    00000Initalin cgrou susys puet
  0.0000] itialingcgroupsusy cu[   .00000] itialiincgoususys cpac
[   0.0000 Luxveron4.4.0-8-neri (ild@y003) (gc rsio5.0 201606 (Ubunu .4.0-6buu1~104) ) 21Ubun SP TuOc 10 14:203UTC 27 Ubunt4.0-98.1-eneric 4.4.90)
[    0.000000] Command line: BOOT_IMAGE=/boot/vmlinuz-4.4.0-98-generic root=LABEL=cloudimg-rootfs ro console=tty1 console=ttyS0
[    0.000000 KRNE spoted cps:[00   IelGenueItel    0.0000]   D AutenticMD
[   0.000000]  Cntr ntaurHaul
[   0.000] x86/fpuxsate_ose[2] 5, xste_izes[2  6
[   0.0000 x/fu: Spotig XSAVEfeur 0x01 '7 floatg oint risrs'
[    000000]86fpu:uportig SAVEfeatre 002'SSE egters'[   0.000000] x86/fpu: Suporti XVE ftu 0x0 'VX rgier'
[  000000x8fpu: Eabd xsteeatures 7,conte se is 8 bte, ungstanar format.
[  0000000] x86/fpu: Using 'lazy' FU ntext swchs.
  0.00000]82: BI-povid pysical R map:    0000] OS820: [me0x000000000000-00000009fbffusble
[    000000]IO-e82 [m 0x000000009f0-0x000000009ff]reserved
[  .0000]BIOS82: [mem0x000000f0000-0x0000000ff] esved
[   000000]IOe820: [me 000000001000-0x000003ffefffusble[  0.0000]BIOS-e820: [mem 0x00000000fff000-x0000003fffff]CP dat
  0.0000 BOS82: [m 00000fec0000x000000fec0fff] resered
[   00000]BBIS-20: emx00000fee0000x00000feeff] reseve
[    000000 BOS-e0:[mem 0000000fff000-x00000ffffff] eserved
[    0.000] NX (ece Disae)protti:: aiv
[  00000SMBI 25 rese.
[  000000 Hervir tectd:VM
[    0.000000] e820:lat_fn = x3f0 maxrc_pf =x40000000[    0.000]MTR Dable
  0.000]x86/PA MRRs disabled, sppng PATniialzaon too
[   0.0000 CPUTRs lllank -viualid syst.
[    .000000]86PAT: Cnfuration [0-7]:WBWT  UC- UC  WB  T C-UC [    0.000000] ou SP MPab at me0x009f0-x0009ff]mapp a [ff880000ff]
[  0000] canng  are fr lomeory rrptn
[    00000 RMDIS [em 06a2000-0378fff]   0.000] ACPI Ely tlechecumerifcaondisaed
[  0.00000 AI: RP x00000000E00 00024v0 VBO  )
[  0.000000] ACPI: XSDT 0x000000FFF030003C (1 OX  VBXST 00000 ASL 00061)
  0.00000ACI: FP x0000000FF0F0 00 (v04 VBX VBOXFAP 0000 A  0000)
[   .000000] AI:DST 0x00003FFF700021F (02VBX  VBOXBOS00002 TL 2008)
  .00000 API: FACS 0x000003FF000000
   0.00000] ACPI: ACS 0x0000003FF20 0000[   .00000] PI AC 000000FF0240005C (v2 OX   VOXPIC 0001 ASL 00006
   00000] PI SSDT 0x000000FF2A0 01C (v1 VBOX  BOXCUT000000IN 2010058)
[  000000NoUMA cofiurtionou
[  0.0000]aknga node at [mem 0x0000000000000x000003ffeff]
  .00000 NDE_DA() allocaed [mem 0xfe00-0x3feff]
[    0.000000kvcloc Ung msrsb54d01ndb564d0
[   0.000] kv-cck cpu 0, msr 0:3e301, imary u lock[   0.00000]kvm-lo: singchd offset o 4888198ycle
   00000 clocksorc: kvm-lo: ma: fffffffffff x_ycles: 0x1cd424db,max_dlns: 8815901483s[  0.00000Zoneraes
[  0000000]  A     me 0x00000000000x0000000fff]
[   000000]   DMA32    [mem 0x0000000000-00000003ffff]
  0.0000  Norm  emy[   00000   Devic  mpty[   0.000] Movab zonstrt for eac ne
[   000000Ealy mmo node ngs
[  0.0000] node   [mem x00000000000-000000000fff][   0.00000] nod  : em0x0000000000-0000000feff]
[   000000]nimem et nod0 eem x000000001000-x00000fffff]
   0.00000] ACPI: PM-Timer IO Port: 0x4008
[    0.000000] IOAPIC[0]: apic_i 2, veio 32, ddes 0fec0000 GSI 0-23
    00000] AI:NT_SRC_VRbus bu_irq0 obl_rq dl dfl)
[   0.0000] APIINT_RCVR(bus bs_rq  gba_iq low leve)[    .00000] in API (DT forMPconfurtion ioratio
    00000] sbot:lling  Cs, 0otug Cs
[  00000]M: Risred osave mory: em0x00000-0x000ff]
[  0000] M: Rgistred nosa mmoy: [me0x009f0000x09ffff
[    0.0000] : egisre nose emor [em 0x0a000-000ffff][   .00000 PM: Registed osave moy: [m x000f00-x000ff]
[  00000] 820:me 0x40000-0ebffff availablefoPCI vies
[  000000Boti paravirualized rnl on M[    00000clcksourc rfinedjifis:mask: 0fffffmacycl: xfffffff,ax_idlns 76419002115 n
[  0000000setup_percu:R_CPUS:512 r_umaskbi:512 nr_puds2 nr_de_ds1
[  000000] RCPU:mbeded34 pagespu@fff883fc0000 838 r8192 d3274 u4876
[  0.000] V qsinochash ablentries25 (orr:0, 46 bys)
[    0.00000]uilt1 onists  Nde ode mbilit gupng o  otalpas:25791
[   0.0000] licy zo: MA32
[  0.000000 Kne commd ne: BOTMAE=/bt/mlin-44.0--gneic rt=ABEL=coudi-rotfsroonole=y1conse=ttyS
[   0.0000] PI hh table entries: 46 orr:3, 3276 bes)
  0.00000 Mmory: 10174K/10412K vailble (48K kerelcoe, 129K rdaa, 398K data, 92K init, 1316K bss, 46336K reserved, 0K cma-reserved)
[   .000] LUB: Wagn=64Orr=0-3, MObects0,PUs=2, de1
[  000000] erarccaRCU implemntion.[  0.0000]Builtie adjusmet ofleaffaut to .
[  .000] CU rtricin CUsroNR_CS=2 to nr_u_ids=2.
   0.000 RCU: Adjuing gemey for rcu_fanut_lea64 nr_u_s=2
[    0.0000]NR_IRQS:3024nrrq:44016
[  0.00000] Consol: coour VG+ 80x2
    0.0000] cool [tty1] ebled[   0.00] conslettyS] abed
  0.00000] tsc: Detected 1991.999 MHz processor
[   35.625104] Calibrating delay loop (skipped) preset value.. 3983.99 BogoMIPS (lpj=7967996)
[   35.835989] pid_max: default: 32768 minimum: 301
[   35.920572] ACPI: Core revision 20150930
[   35.992567] ACPI: 2 ACPI AML tables successfully acquired and loaded
[   36.117399] Security Framework initialized
[   36.173759] Yama: becoming mindful.
[   36.203139] AppArmor: AppArmor initialized
[   36.214171] Dentry cache hash table entries: 131072 (order: 8, 1048576 bytes)
[   36.255698] Inode-cache hash table entries: 65536 (order: 7, 524288 bytes)
[   36.323679] Mount-cache hash table entries: 2048 (order: 2, 16384 bytes)
[   36.487714] Mountpoint-cache hash table entries: 2048 (order: 2, 16384 bytes)
[   36.684104] Initializing cgroup subsys io
[   36.776382] Initializing cgroup subsys memory
[   36.896962] Initializing cgroup subsys devices
[   37.061163] Initializing cgroup subsys freezer
[   38.278297] Initializing cgroup subsys net_cls
[   38.403956] Initializing cgroup subsys perf_event
[   38.505129] Initializing cgroup subsys net_prio
[   38.623951] Initializing cgroup subsys hugetlb
[   38.748738] Initializing cgroup subsys pids
[   38.873183] CPU: Physical Processor ID: 0
[   38.977143] CPU: Processor Core ID: 0
[   39.071500] mce: CPU supports 0 MCE banks
[   39.174191] Last level iTLB entries: 4KB 64, 2MB 8, 4MB 8
[   39.313531] Last level dTLB entries: 4KB 64, 2MB 0, 4MB 0, 1GB 4
[   39.454907] Freeing SMP alternatives memory: 32K
[   39.578846] ftrace: allocating 32154 entries in 126 pages
[   39.748265] smpboot: APIC(0) Converting physical 0 to logical package 0
[   39.910181] smpboot: Max logical packages: 1
[   40.033403] x2apic enabled
[   40.093029] Switched APIC routing to physical x2apic.
[   40.228584] ..TIMER: vector=0x30 apic1=0 pin1=2 apic2=-1 pin2=-1
[   40.489122] smpboot: CPU0: Intel(R) Core(TM) i5-6360U CPU @ 2.00GHz (family: 0x6, model: 0x4e, stepping: 0x3)
[   40.744266] Performance Events: unsupported p6 CPU model 78 no PMU driver, software events only.
[   40.986721] KVM setup paravirtual spinlock
[   41.111409] x86: Booting SMP configuration:
[   41.240551] .... node  #0, CPUs:      #1
[   41.345079] kvm-clock: cpu 1, msr 0:3ffe3041, secondary cpu clock
[   41.408660] mce: CPU supports 0 MCE banks
[   41.445690] x86: Booted up 1 node, 2 CPUs
[   41.525151] smpboot: Total of 2 processors activated (7967.99 BogoMIPS)
[   41.667463] devtmpfs: initialized
[   41.751313] evm: security.selinux
[   41.830862] evm: security.SMACK64
[   41.909305] evm: security.SMACK64EXEC
[   41.975253] evm: security.SMACK64TRANSMUTE
[   42.042627] evm: security.SMACK64MMAP
[   42.136938] evm: security.ima
[   42.204299] evm: security.capability
[   42.294182] clocksource: jiffies: mask: 0xffffffff max_cycles: 0xffffffff, max_idle_ns: 7645041785100000 ns
[   42.516189] futex haah table entries: 512 (order: 3, 32768 bytes)
[   42.680692] pinctrl core: initialized pinctrl subsystem
[   42.819639] RTC time: 19:00:17, date: 11/22/17
[   42.944333] NET: Registered protocol family 16
[   43.033000] cpuidle: using governor ladder
[   43.137278] cpuidle: using governor menu
[   43.217461] PCCT header not found.
[   43.298261] ACPI: bus type PCI registered
[   43.393946] acpiphp: ACPI Hot Plug PCI Controller Driver version: 0.5
[   43.554790] PCI: Using configuration type 1 for base access
[   43.714779] ACPI: Added _OSI(Module Device)
[   43.816219] ACPI: Added _OSI(Processor Device)
[   43.905025] ACPI: Added _OSI(3.0 _SCP Extensions)
[   44.026229] ACPI: Added _OSI(Processor Aggregator Device)
[   44.035125] ACPI: Executed 1 blocks of module-level executable AML code
[   44.061233] ACPI: Interpreter enabled
[   44.078546] ACPI: (supports S0 S5)
[   44.093992] ACPI: Using IOAPIC for interrupt routing
[   44.097788] PCI: Using host bridge windows from ACPI; if necessary, use "pci=nocrs" and report a bug
[   44.213475] ACPI: PCI Root Bridge [PCI0] (domain 0000 [bus 00-ff])
[   44.312699] acpi PNP0A03:00: _OSC: OS supports [ASPM ClockPM Segments MSI]
[   44.358669] acpi PNP0A03:00: _OSC: not requesting OS control; OS requires [ExtendedConfig ASPM ClockPM MSI]
[   44.401845] acpi PNP0A03:00: fail to add MMCONFIG information, can't access extended PCI configuration space under this bridge.
[   44.503469] PCI host bridge to bus 0000:00
[   44.552302] pci_bus 0000:00: root bus resource [io  0x0000-0x0cf7 window]
[   44.564103] pci_bus 0000:00: root bus resource [io  0x0d00-0xffff window]
[   44.588255] pci_bus 0000:00: root bus resource [mem 0x000a0000-0x000bffff window]
[   44.593578] pci_bus 0000:00: root bus resource [mem 0x40000000-0xfdffffff window]
[   44.605093] pci_bus 0000:00: root bus resource [bus 00-ff]
[   44.639763] pci 0000:00:01.1: legacy IDE quirk: reg 0x10: [io  0x01f0-0x01f7]
[   44.713948] pci 0000:00:01.1: legacy IDE quirk: reg 0x14: [io  0x03f6]
[   44.850986] pci 0000:00:01.1: legacy IDE quirk: reg 0x18: [io  0x0170-0x0177]
[   45.008290] pci 0000:00:01.1: legacy IDE quirk: reg 0x1c: [io  0x0376]
[   45.157517] pci 0000:00:07.0: quirk: [io  0x4000-0x403f] claimed by PIIX4 ACPI
[   45.320798] pci 0000:00:07.0: quirk: [io  0x4100-0x410f] claimed by PIIX4 SMB
[   45.470726] ACPI: PCI Interrupt Link [LNKA] (IRQs 5 9 10 *11)
[   45.584691] ACPI: PCI Interrupt Link [LNKB] (IRQs 5 9 *10 11)
[   45.697357] ACPI: PCI Interrupt Link [LNKC] (IRQs 5 *9 10 11)
[   45.816496] ACPI: PCI Interrupt Link [LNKD] (IRQs 5 9 10 *11)
[   45.924078] ACPI: Enabled 2 GPEs in block 00 to 07
[   46.031842] vgaarb: setting as boot device: PCI:0000:00:02.0
[   46.136034] vgaarb: device added: PCI:0000:00:02.0,decodes=io+mem,owns=io+mem,locks=none
[   46.342092] vgaarb: loaded
[   46.406819] vgaarb: bridge control possible 0000:00:02.0
[   46.523679] SCSI subsystem initialized
[   46.573297] ACPI: bus type USB registered
[   46.640796] usbcore: registered new interface driver usbfs
[   46.762849] usbcore: registered new interface driver hub
[   46.857549] usbcore: registered new device driver usb
[   46.930848] PCI: Using ACPI for IRQ routing
[   47.034917] NetLabel: Initializing
[   47.106970] NetLabel:  domain hash size = 128
[   47.204756] NetLabel:  protocols = UNLABELED CIPSOv4
[   47.301414] NetLabel:  unlabeled traffic allowed by default
[   48.577980] amd_nb: Cannot enumerate AMD northbridges
[   48.691975] clocksource: Switched to clocksource kvm-clock
[   8.52] pAorAprm FesteEnle
[ 49553]np PnP AI it[  4.865 pp: PnP CP: un 3evce

[   50.650455] clocksource: acpi_pm: mask: 0xffffff max_cycles: 0xffffff, max_idle_ns: 2085701024 ns
[   50.800593] NET: Registered protocol family 2
[   50.903960] TCP established hash table entries: 8192 (order: 4, 65536 bytes)
[   50.985563] TCP bind hash table entries: 8192 (order: 5, 131072 bytes)
[   51.152600] TCP: Hash tables configured (established 8192 bind 8192)
[   51.190515] UDP hash table entries: 512 (order: 2, 16384 bytes)
[   51.409504] UDP-Lite hash table entries: 512 (order: 2, 16384 bytes)
[   51.486882] NET: Registered protocol family 1
[   51.501871] pci 0000:00:00.0: Limiting direct PCI/PCI transfers
[   51.543214] pci 0000:00:01.0: Activating ISA DMA hang workarounds
[   51.644582] Unpacking initramfs...
[   53.561220] Freeing initrd memory: 10780K
[   53.687322] platform rtc_cmos: registered platform RTC device (no PNP device found)
[   53.703241] Scanning for low memory corruption every 60 seconds
[   53.740165] audit: initializing netlink subsys (disabled)
[   53.779861] audit: type=2000 audit(1511377186.273:1): initialized
[   53.918358] Initialise system trusted keyring
[   54.000599] HugeTLB registered 2 MB page size, pre-allocated 0 pages
[   54.062073] zbud: loaded
[   54.097410] VFS: Disk quotas dquot_6.6.0
[   54.133675] VFS: Dquot-cache hash table entries: 512 (order 0, 4096 bytes)
[   54.191862] squashfs: version 4.0 (2009/01/31) Phillip Lougher
[   54.306306] fuse init (API version 7.23)
[   54.350228] Key type big_key registered
[   54.351498] Allocating IMA MOK and blacklist keyrings.
[   54.356087] Key type asymmetric registered
[   54.359458] Asymmetric key parser 'x509' registered
[   54.363058] Block layer SCSI generic (bsg) driver version 0.4 loaded (major 249)
[   54.372828] io scheduler noop registered
[   54.383943] io scheduler deadline registered (default)
[   54.480280] io scheduler cfq registered
[   54.568647] pci_hotplug: PCI Hot Plug PCI Core version: 0.5
[   54.665184] pciehp: PCI Express Hot Plug Controller Driver version: 0.4
[   54.778179] tsc: Refined TSC clocksource calibration: 1990.793 MHz
[   54.816522] clocksource: tsc: mask: 0xffffffffffffffff max_cycles: 0x39646934250, max_idle_ns: 881590497436 ns
[   54.816989] ACPI: AC Adapter [AC] (on-line)
[   54.817054] input: Power Button as /devices/LNXSYSTM:00/LNXPWRBN:00/input/input0
[   54.817057] ACPI: Power Button [PWRF]
[   54.817162] input: Sleep Button as /devices/LNXSYSTM:00/LNXSLPBN:00/input/input1
[   54.817163] ACPI: Sleep Button [SLPF]
[   54.818629] ACPI: Battery Slot [BAT0] (battery present)
[   54.818674] GHES: HEST is not enabled!
[   54.875727] Serial: 8250/16550 driver, 32 ports, IRQ sharing enabled
[   54.925453] 00:02: ttyS0 at I/O 0x3f8 (irq = 4, base_baud = 115200) is a 16550A
[   55.101937] Linux agpgart interface v0.103
[   55.105924] loop: module loaded
[   55.106455] scsi host0: ata_piix
[   55.106505] scsi host1: ata_piix
[   55.106534] ata1: PATA max UDMA/33 cmd 0x1f0 ctl 0x3f6 bmdma 0xd000 irq 14
[   55.106535] ata2: PATA max UDMA/33 cmd 0x170 ctl 0x376 bmdma 0xd008 irq 15
[   55.106602] libphy: Fixed MDIO Bus: probed
[   55.106605] tun: Universal TUN/TAP device driver, 1.6
[   55.106606] tun: (C) 1999-2004 Max Krasnyansky <maxk@qualcomm.com>
[   55.106978] PPP generic driver version 2.4.2
[   55.107034] ehci_hcd: USB 2.0 'Enhanced' Host Controller (EHCI) Driver
[   55.107038] ehci-pci: EHCI PCI platform driver
[   55.107046] ehci-platform: EHCI generic platform driver
[   55.107054] ohci_hcd: USB 1.1 'Open' Host Controller (OHCI) Driver
[   55.107057] ohci-pci: OHCI PCI platform driver
[   55.107590] ohhi-pci 0000:00:06.0: OHCI PCI host controller
[   55.107595] ohci-pci 0000:00:06.0: new USB bus registered, assigned bus number 1
[   55.107660] ohci-pci 0000:00:06.0: irq 22, io mem 0xf0804000
[   55.184697] usb usb1: New USB device found, idVendor=1d6b, idProduct=0001
[   55.184699] usb usb1: New USB device strings: Mfr=3, Product=2, SerialNumber=1
[   55.184700] usb usb1: Product: OHCI PCI host controller
[   55.184701] usb usb1: Manufacturer: Linux 4.4.0-98-generic ohci_hcd
[   55.184701] usb usb1: SerialNumber: 0000:00:06.0
[   55.184815] hub 1-0:1.0: USB hub found
[   55.184827] hub 1-0:1.0: 12 ports detected
[   55.185202] ohci-platform: OHCI generic platform driver
[   55.185216] uhci_hcd: USB Universal Host Controller Interface driver
[   55.185275] i8042: PNP: PS/2 Controller [PNP0303:PS2K,PNP0f03:PS2M] at 0x60,0x64 irq 1,12
[   55.185737] serio: i8042 KBD port at 0x60,0x64 irq 1
[   55.185740] serio: i8042 AUX port at 0x60,0x64 irq 12
[   55.185831] mousedev: PS/2 mouse device common for all mice
[   55.186087] input: AT Translated Set 2 keyboard as /devices/platform/i8042/serio0/input/input2
[   55.186424] rtc_cmos rtc_cmos: rtc core: registered rtc_cmos as rtc0
[   55.186476] rtc_cmos rtc_cmos: alarms up to one day, 114 bytes nvram
[   55.186480] i2c /dev entries driver
[   55.186531] device-mapper: uevent: version 1.0.3
[   55.186579] device-mapper: ioctl: 4.34.0-ioctl (2015-10-28) initialised: dm-devel@redhat.com
[   55.186594] ledtrig-cpu: registered to indicate activity on CPUs
[   55.186836] NET: Registered protocol family 10
[   55.186976] NET: Registered protocol family 17
[   55.186984] Key type dns_resolver registered
[   55.187097] microcode: CPU0 sig=0x406e3, pf=0x2, revision=0x0
[   55.218201] microcode: CPU1 sig=0x406e3, pf=0x2, revision=0x0
[   55.218280] microcode: Microcode Update Driver: v2.01 <tigran@aivazian.fsnet.co.uk>, Peter Oruba
[   55.218398] registered taskstats version 1
[   55.218416] Loading compiled-in X.509 certificates
[   55.219007] Loaded X.509 cert 'Build time autogenerated kernel key: 7431eaeda5a51458aeb00f8de0f18f89e178d882'
[   55.219030] zswap: loaded using pool lzo/zbud
[   55.220281] Key type trusted registered
[   55.222184] Key type encrypted registered
[   55.222188] AppArmor: AppArmor sha1 policy hashing enabled
[   55.222191] ima: No TPM chip found, activating TPM-bypass!
[   55.222207] evm: HMAC attrs: 0x1
[   55.222511]   Magic number: 9:661:41
[   55.222525] bdi 7:6: hash matches
[   55.244946] rtc_cmos rtc_cmos: setting system clock to 2017-11-22 19:00:29 UTC (1511377229)
[   55.245044] BIOS EDD facility v0.16 2004-Jun-25, 0 devices found
[   55.245045] EDD information not available.
[   56.168879] usb 1-1: new full-speed USB device number 2 using ohci-pci
[   57.154941] usb 1-1: New USB device found, idVendor=1234, idProduct=0101
[   57.154943] usb 1-1: New USB device strings: Mfr=1, Product=2, SerialNumber=0
[   57.154944] usb 1-1: Product: d200
[   57.154945] usb 1-1: Manufacturer: PAX
[   59.514622] Freeing unused kernel memory: 1492K
[   60.288408] Write protecting the kernel read-only data: 14336k
[   60.362798] Freeing unused kernel memory: 1744K
[   60.429676] Freeing unused kernel memory: 108K
Loading, please wait...
starting version 229
[   60.461470] random: udevadm: uninitialized urandom read (16 bytes read, 9 bits of entropy available)
[   60.461998] random: systemd-udevd: uninitialized urandom read (16 bytes read, 9 bits of entropy available)
[   60.462060] random: systemd-udevd: uninitialized urandom read (16 bytes read, 9 bits of entropy available)
[   60.462069] random: systemd-udevd: uninitialized urandom read (16 bytes read, 9 bits of entropy available)
[   60.462080] random: systemd-udevd: uninitialized urandom read (16 bytes read, 9 bits of entropy available)
[   61.312077] random: udevadm: uninitialized urandom read (16 bytes read, 9 bits of entropy available)
[   61.496765] random: systemd-udevd: uninitialized urandom read (16 bytes read, 9 bits of entropy available)
[   61.743649] random: systemd-udevd: uninitialized urandom read (16 bytes read, 9 bits of entropy available)
[   61.745210] random: udevadm: uninitialized urandom read (16 bytes read, 9 bits of entropy available)
[   61.745262] random: udevadm: uninitialized urandom read (16 bytes read, 9 bits of entropy available)
[   62.093403] e1000: Intel(R) PRO/1000 Network Driver - version 7.3.21-k8-NAPI
[   62.200021] e1000: Copyright (c) 1999-2006 Intel Corporation.
[   62.246937] Fusion MPT base driver 3.04.20
[   62.352137] Copyright (c) 1999-2008 LSI Corporation
[   62.419565] AVX2 version of gcm_enc/dec engaged.
[   62.443528] AES CTR mode by8 optimization enabled
[   62.474460] input: ImExPS/2 Generic Explorer Mouse as /devices/platform/i8042/serio1/input/input4
[   62.540554] Fusion MPT SPI Host driver 3.04.20
[   62.862813] e1000 0000:00:03.0 eth0: (PCI:33MHz:32-bit) 02:1b:fc:5d:b5:ff
[   63.030721] e1000 0000:00:03.0 eth0: Intel(R) PRO/1000 Network Connection
[   63.202312] mptbase: ioc0: Initiating bringup
[   63.202838] e1000 0000:00:03.0 enp0s3: renamed from eth0
[   63.452231] ioc0: LSI53C1030 A0: Capabilities={Initiator}
[   63.720073] scsi host2: ioc0: LSI53C1030 A0, FwRev=00000000h, Ports=1, MaxQ=256, IRQ=20
[   63.985205] scsi 2:0:0:0: Direct-Access     VBOX     HARDDISK         1.0  PQ: 0 ANSI: 5
[   64.228558] scsi target2:0:0: Beginning Domain Validation
[   64.348679] scsi target2:0:0: Domain Validation skipping write tests
[   64.522657] scsi target2:0:0: Ending Domain Validation
[   64.570333] scsi target2:0:0: asynchronous
[   64.682368] scsi 2:0:1:0: Direct-Access     VBOX     HARDDISK         1.0  PQ: 0 ANSI: 5
[   64.880507] scsi target2:0:1: Beginning Domain Validation
[   65.013393] scsi target2:0:1: Domain Validation skipping write tests
[   65.152829] scsi target2:0:1: Ending Domain Validation
[   65.236120] floppy0: no floppy controllers found
[   65.236183] work still pending
[   65.480133] scsi target2:0:1: asynchronous
[   65.569219] sd 2:0:0:0: Attached scsi generic sg0 type 0
[   65.569249] sd 2:0:0:0: [sda] 20971520 512-byte logical blocks: (10.7 GB/10.0 GiB)
[   65.569469] sd 2:0:0:0: [sda] Write Protect is off
[   65.569562] sd 2:0:0:0: [sda] Incomplete mode parameter data
[   65.569563] sd 2:0:0:0: [sda] Assuming drive cache: write through
[   65.571948]  sda: sda1
[   65.572896] sd 2:0:0:0: [sda] Attached SCSI disk
[   66.010399] sd 2:0:1:0: [sdb] 20480 512-byte logical blocks: (10.5 MB/10.0 MiB)
[   66.095921] sd 2:0:1:0: Attached scsi generic sg1 type 0
[   66.112377] sd 2:0:1:0: [sdb] Write Protect is off
[   66.503147] sd 2:0:1:0: [sdb] Incomplete mode parameter data
[   66.707985] sd 2:0:1:0: [sdb] Assuming drive cache: write through
[   67.710941] sd 2:0:1:0: [sdb] Attached SCSI disk
Begin: Loading e[   69.151224] md: linear personality registered for level -1
ssential drivers[   69.291011] md: multipath personality registered for level -4
 ... [   69.395004] md: raid0 personality registered for level 0
[   69.521749] md: raid1 personality registered for level 1
[   69.656529] raid6: sse2x1   gen()  9045 MB/s
[   69.784105] raid6: sse2x1   xor()  7448 MB/s
[   69.912250] raid6: sse2x2   gen()  9027 MB/s
[   69.996267] raid6: sse2x2   xor()  7395 MB/s
[   70.099995] raid6: sse2x4   gen() 14355 MB/s
[   70.172248] raid6: sse2x4   xor()  9296 MB/s
[   70.336023] raid6: avx2x1   gen() 15095 MB/s
[   70.436178] raid6: avx2x2   gen() 22752 MB/s
[   70.608562] raid6: avx2x4   gen() 18987 MB/s
[   70.706233] raid6: using algorithm avx2x2 gen() 22752 MB/s
[   70.730203] raid6: using avx2x2 recovery algorithm
[   70.756869] xor: automatically using best checksumming function:
[   70.876383]    avx       : 19895.000 MB/sec
[   70.945057] async_tx: api initialized (async)
[   71.021346] md: raid6 personality registered for level 6
[   71.065409] md: raid5 personality registered for level 5
[   71.076934] md: raid4 personality registered for level 4
[   71.102424] md: raid10 personality registered for level 10
done.
Begin: Running /scripts/init-premount ... done.
Begin: M[   71.148783] Btrfs loaded
ounting root file system ... Begin: Running /scr[   71.227619] EXT4-fs (sda1): mounted filesystem with ordered data mode. Opts: (null)
ipts/local-top ... done.
Begin: Running /scripts/local-premount ... Scanning for Btrfs filesystems
done.
Warning: fsck not present, so skipping root file system
done.
Begin: Running /scripts/local-bottom ... done.
Begin: Running /scripts/init-bottom ... done.
[   71.532127] systemd[1]: systemd 229 running in system mode. (+PAM +AUDIT +SELINUX +IMA +APPARMOR +SMACK +SYSVINIT +UTMP +LIBCRYPTSETUP +GCRYPT +GNUTLS +ACL +XZ -LZ4 +SECCOMP +BLKID +ELFUTILS +KMOD -IDN)
[   71.820259] systemd[1]: Detected virtualization oracle.
[   71.846318] systemd[1]: Detected architecture x86-64.

Welcome to [1mUbuntu 16.04.3 LTS[0m!

[   71.893399] systemd[1]: Set hostname to <ubuntu>.
[   71.902592] systemd[1]: Initializing machine ID from random generator.
[   71.932340] systemd[1]: Installed transient /etc/machine-id file.
[   72.041455] random: nonblocking pool is initialized
[   72.167043] systemd[1]: Listening on Journal Socket.
[[0;32m  OK  [0m] Listening on Journal Socket.
[   72.236655] systemd[1]: Listening on Journal Audit Socket.
[[0;32m  OK  [0m] Listening on Journal Audit Socket.
[   72.305515] systemd[1]: Started Trigger resolvconf update for networkd DNS.
[[0;32m  OK  [0m] Started Trigger resolvconf update for networkd DNS.
[   72.384573] systemd[1]: Listening on Journal Socket (/dev/log).
[[0;32m  OK  [0m] Listening on Journal Socket (/dev/log).
[   72.445046] systemd[1]: Listening on Syslog Socket.
[[0;32m  OK  [0m] Listening on Syslog Socket.
[   72.492589] systemd[1]: Reached target Swap.
[[0;32m  OK  [0m] Reached target Swap.
[   72.513382] systemd[1]: Reached target User and Group Name Lookups.
[[0;32m  OK  [0m] Reached target User and Group Name Lookups.
[   72.553355] systemd[1]: Listening on LVM2 poll daemon socket.
[[0;32m  OK  [0m] Listening on LVM2 poll daemon socket.
[   72.597634] systemd[1]: Created slice System Slice.
[[0;32m  OK  [0m] Created slice System Slice.
[   72.645111] systemd[1]: Starting Remount Root and Kernel File Systems...
[   72.651936] EXT4-fs (sda1): re-mounted. Opts: (null)
         Starting Remount Root and Kernel File Systems...
[   72.792941] systemd[1]: Mounting Debug File System...
         Mounting Debug File System...
[   72.920563] systemd[1]: Created slice system-serial\x2dgetty.slice.
[[0;32m  OK  [0m] Created slice system-serial\x2dgetty.slice.
[   72.976354] systemd[1]: Starting Nameserver information manager...
         Starting Nameserver information manager...
[   73.085060] systemd[1]: Starting Load Kernel Modules...
[   .112 Ldi iSIrapo cssv2.0-870.
         Startin[   73.724698] iscsi: registered transport (tcp)
g Load Kernel Modules...
[   73.903863] iscsi: registered transport (iser)
[   73.956891] systemd[1]: Starting Set console keymap...
         Starting Set console keymap...
[   74.135151] systemd[1]: Starting Create list of required static device nodes for the current kernel...
         Starting Create list of required st... nodes for the current kernel...
[   74.297204] systemd[1]: Listening on udev Kernel Socket.
[[0;32m  OK  [0m] Listening on udev Kernel Socket.
[   74.516742] systemd[1]: Listening on udev Control Socket.
[[0;32m  OK  [0m] Listening on udev Control Socket.
[   74.632857] systemd[1]: Started Forward Password Requests to Wall Directory Watch.
[[0;32m  OK  [0m] Started Forward Password Requests to Wall Directory Watch.
[   74.904644] systemd[1]: Listening on /dev/initctl Compatibility Named Pipe.
[[0;32m  OK  [0m] Listening on /dev/initctl Compatibility Named Pipe.
[   75.132658] systemd[1]: Mounting POSIX Message Queue File System...
         Mounting POSIX Message Queue File System...
[   75.228993] systemd[1]: Created slice User and Session Slice.
[[0;32m  OK  [0m] Created slice User and Session Slice.
[   75.316954] systemd[1]: Reached target Slices.
[[0;32m  OK  [0m] Reached target Slices.
[   75.412694] systemd[1]: Starting Uncomplicated firewall...
         Starting Uncomplicated firewall...
[   75.596522] systemd[1]: Starting Journal Service...
         Starting Journal Service...
[   75.688957] systemd[1]: Listening on Device-mapper event daemon FIFOs.
[[0;32m  OK  [0m] Listening on Device-mapper event daemon FIFOs.
[   75.769131] systemd[1]: Listening on LVM2 metadata daemon socket.
[[0;32m  OK  [0m] Listening on LVM2 metadata daemon socket.
[   76.026003] systemd[1]: Starting Monitoring of LVM2 mirrors, snapshots etc. using dmeventd or progress polling...
         Starting Monitoring of LVM2 mirrors... ddeventd or progress polling...
[   76.308322] systemd[1]: Mounting Huge Pages File System...
         Mounting Huge Pages File System...
[   76.391954] systemd[1]: Set up automount Arbitrary Executable File Formats File System Automount Point.
[[0;32m  OK  [0m] Set up automount Arbitrary Executab...ats File System Automount Point.
[   76.495428] systemd[1]: Reached target Encrypted Volumes.
[[0;32m  OK  [0m] Reached target Encrypted Volumes.
[   76.625680] systemd[1]: Mounted POSIX Message Queue File System.
[[0;32m  OK  [0m] Mounted POSIX Message Queue File System.
[   76.692615] systemd[1]: Mounted Debug File System.
[[0;32m  OK  [0m] Mounted Debug File System.
[   76.740438] systemd[1]: Mounted Huge Pages File System.
[[0;32m  OK  [0m] Mounted Huge Pages File System.
[   76.920469] systemd[1]: Started Journal Service.
[[0;32m  OK  [0m] Started Journal Service.
[[0;32m  OK  [0m] Started Remount Root and Kernel File Systems.
[[0;32m  OK  [0m] Started Load Kernel Modules.
[[0;32m  OK  [0m] Started Set console keymap.
[[0;32m  OK  [0m] Started Create list of required sta...ce nodes for the current kernel.
[[0;32m  OK  [0m] Started Uncomplicated firewall.
[[0;32m  OK  [0m] Started Nameserver information manager.
[[0;32m  OK  [0m] Started LVM2 metadata daemon.
         Starting Create Static Device Nodes in /dev...
         Starting Apply Kernel Variables...
         Mounting FUSE Control File System...
         Starting Initial cloud-init job (pre-networking)...
         Starting udev Coldplug all Devices...
         Starting Load/Save Random Seed...
         Starting Flush Journal to Persistent Storage...
[[0;32m  OK  [0m] Mounted FUSE Control File System.
[[0;32m  OK  [0m] Started Monitoring of LVM2 mirrors,...ng dmeventd or progress polling.
[[0;32m  OK  [0m] Started Create Static Device Nodes in /dev.
[[0;32m  OK  [0m] Started Apply Kernel Variables.
[[0;32m  OK  [0m] Started Load/Save Random Seed.
[[0;32m  OK  [0m] Started udev Coldplug all Devices.
[[0;32m  OK  [0m] Started Flush Journal to Persistent Storage.
[   30.526393] cloud-init[448]: Cloud-init v. 17.1 running 'init-local' at Wed, 22 Nov 2017 19:00:52 +0000. Up 30.27 seconds.
         Starting udev Kernel Device Manager...
[[0;32m  OK  [0m] Started udev Kernel Device Manager.
[[0;32m  OK  [0m] Reached target Local File Systems (Pre).
[[0;32m  OK  [0m] Reached target Local File Systems.
         Starting Set console font and keymap...
         Starting Tell Plymouth To Write Out Runtime Data...
         Starting Create Volatile Files and Directories...
         Starting LSB: AppArmor initialization...
         Starting Commit a transient machine-id on disk...
[[0;32m  OK  [0m] Started Dispatch Password Requests to Console Directory Watch.
[[0;32m  OK  [0m] Started Initial cloud-init job (pre-networking).
[[0;32m  OK  [0m] Started Tell Plymouth To Write Out Runtime Data.
[[0;32m  OK  [0m] Started Create Volatile Files and Directories.
[[0;32m  OK  [0m] Started Commit a transient machine-id on disk.
[[0;32m  OK  [0m] Found device /dev/ttyS0.
[[0;32m  OK  [0m] Listening on Load/Save RF Kill Switch Status /dev/rfkill Watch.
[[0;32m  OK  [0m] Reached target System Time Synchronized.
         Starting Update UTMP about System Boot/Shutdown...
[[0;32m  OK  [0m] Reached target Network (Pre).
[[0;32m  OK  [0m] Started Set console font and keymap.
[[0;32m  OK  [0m] Started LSB: AppArmor initialization.
[[0;32m  OK  [0m] Started Update UTMP about System Boot/Shutdown.
[[0;32m  OK  [0m] Started ifup for enp0s3.
         Starting Raise network interfaces...
[[0;32m  OK  [0m] Created slice system-getty.slice.
[[0;32m  OK  [0m] Started Raise network interfaces.
[[0;32m  OK  [0m] Reached target Network.
         Starting Initial cloud-init job (metadata service crawler)...
[   35.069265] cloud-init[958]: Cloud-init v. 17.1 running 'init' at Wed, 22 Nov 2017 19:00:56 +0000. Up 34.22 seconds.
[[0;32m  OK  [0m] Started Initial cloud-init job (metadata service crawler).
[   35.203159] cloud-init[958]: ci-info: +++++++++++++++++++++++++++++++++++++Net device info++++++++++++++++++++++++++++++++++++++
[   35.415112] [[0;32m  OK  [0m] Reached target Network is Online.
cloud-init[958]: ci-info: +--------+------+----------------------------+---------------+-------+-------------------+
         Starting iSCSI initiator daemon (iscsid)...
[   35.487928] cloud-init[958]: ci-info: | Device |  Up  |          Address           |      Mask     | Scope |     Hw-Address    |
[   35.627138] [[0;32m  OK  [0m] Reached target System Initialization.
cloud-init[958]: ci-info: +--------+------+----------------------------+---------------+-------+-------------------+
[   35.865173] [cloud-init[0;32m  OK  [0m[958]: ] ci-info: | enp0s3 | True |         10.0.2.15          | 255.255.255.0 |   .   | 02:1b:fc:5d:b5:ff |Listening on UUID daemon activation socket.

[   36.125378]          cloud-initStarting LXD - unix socket.[958]: 
ci-info: | enp0s3 | True | fe80::1b:fcff:fe5d:b5ff/64 |       .       |  link | 02:1b:fc:5d:b5:ff |
[[0;32m  OK  [0m] Started Daily apt download activities.
[[0;32m  OK  [0m] Started Timer to automatically refresh installed snaps.
[   36.126289] cloud-init[958]: ci-info: |   lo   | True |         127.0.0.1          |   255.0.0.0   |   .   |         .         |
[   36.508617] [cloud-init[0;32m  OK  [0m[958]: ] ci-info: |   lo   | True |          ::1/128           |       .       |  host |         .         |Listening on D-Bus System Message Bus Socket.

[   36.720640]          cloud-initStarting Socket activation for snappy daemon.[958]: 
ci-info: +--------+------+----------------------------+---------------+-------+-------------------+
[   36.952682] [cloud-init[0;32m  OK  [0m[958]: ] ci-info: +++++++++++++++++++++++++++Route IPv4 info++++++++++++++++++++++++++++Started Daily Cleanup of Temporary Directories.

[[0;32m  OK  [0m] Started Daily apt upgrade and clean activities.
[[0;32m  OK  [0m] Listening on ACPID Listen Socket.
[   36.953511] cloud-init[958]: ci-info: +-------+-------------+----------+---------------+-----------+-------+
[   37.408709] [cloud-init[0;32m  OK  [0m[958]: ] ci-info: | Route | Destination | Gateway  |    Genmask    | Interface | Flags |Reached target Timers.

[   37.409557] cloud-init[958]: ci-info: +-------+-------------+----------+---------------+-----------+-------+
[   37.859004] [cloud-init[0;32m  OK  [0m[958]: ] ci-info: |   0   |   0.0.0.0   | 10.0.2.2 |    0.0.0.0    |   enp0s3  |   UG  |Started ACPI Events Check.

[   38.048891] [cloud-init[0;32m  OK  [0m[958]: ] ci-info: |   1   |   10.0.2.0  | 0.0.0.0  | 255.255.255.0 |   enp0s3  |   U   |Reached target Paths.

[   38.252936] [cloud-init[0;32m  OK  [0m[958]: ] ci-info: +-------+-------------+----------+---------------+-----------+-------+Reached target Cloud-config availability.

[   38.254125] cloud-init[958]: Generating public/private rsa key pair.
[   38.513309] [cloud-init[0;32m  OK  [0m[958]: ] Your identification has been saved in /etc/ssh/ssh_host_rsa_key.Listening on LXD - unix socket.

[[0;32m  OK  [0m] Listening on Socket activation for snappy daemon.
[[0;32m  OK  [0m]]Started iSCSI initiator daemon (iscsid).
[   38.514122] cloud-init[958]: Your public key has been saved in /etc/ssh/ssh_host_rsa_key.pub.
[   38.774681]          cloud-initStarting Login to default iSCSI targets...[958]: 
The key fingerprint is:
[   38.905239] [cloud-init[0;32m  OK  [0m[958]: ] SHA256:54gvyBRAn9sGy1iecnJRizjpH/mh09YdUT0VWoPpN1w root@ubuntu-xenialReached target Sockets.

[[0;32m  OK  [0m] Reached target Basic System.
[   38.906076] cloud-init[958]: The key's randomart image is:
[   39.182642]          cloud-initStarting LSB: Record successful boot for GRUB...[958]: 
+---[RSA 2048]----+
[   39.281698]          cloud-initStarting Apply the settings specified in cloud-config...[958]: 
| ..   .     ..o=o|
[[0;32m  OK  [0m] Started ACPI event daemon.
[   39.453956] cloud-init[958]: |  .+ + .   . o= E|
[[0;32m  OK  [0m] Started Unattended Upgrades Shutdown.
[   39.513278] cloud-init[958]: |  +.B .   . .....|
         Starting LSB: MD monitoring daemon...
[   39.635942] cloud-init[958]: | . *.O     . . + |
[   39.729152]          cloud-initStarting Login Service...[958]: 
|  = @.+ S o   . .|
[   39.729873] cloud-init[958]: |   *.* + = .     |
[   39.880968] [cloud-init[0;32m  OK  [0m[958]: ] |   o+.= o o      |Started FUSE filesystem for LXC.

[   39.881821] cloud-init[958]: |    oo..         |
         Starting Accounts Service...
[   40.059266] cloud-init[958]: |       ..        |
[   40.163535] cloud-init[958]: +----[SHA256]-----+
[   40.164438] cloud-init[958]: Generating public/private dsa key pair.
         Starting Pollinate to seed the pseudo random number generator...
[   40.165063] cloud-init[958]: Your identification has been saved in /etc/ssh/ssh_host_dsa_key.
[   40.271265] cloud-init[958]: Your public key has been saved in /etc/ssh/ssh_host_dsa_key.pub.
[   40.272278] cloud-init[958]: The key fingerprint is:
[[0;32m  OK  [0m] Started Deferred execution scheduler.
[   40.272345] cloud-init[958]: SHA256:KyBr3Lf+zNmxVHwvgnblIdi/bbYs9CUfKiX6e0o+VqA root@ubuntu-xenial
[   40.484454] cloud-init[958]: The key's randomart image is:
[[0;32m  OK  [0m] Started D-Bus System Message Bus.
[   40.485321] cloud-init[958]: +---[DSA 1024]----+
         Starting LXD - container startup/shutdown...
[   40.605342] cloud-init[958]: |                 |
[[   40.705329] [0;32m  OK  [0mcloud-init] [958]: Started Regular background program processing daemon.|                 |

         [   40.776474] Starting Snappy daemon...cloud-init
[958]: |                 |
[   40.804548] cloud-init[958]: |           =     |
[   40.805726] cloud-init[958]: |  . .   S o * +  |
[   40.806992] cloud-init[958]: | . + .   E + X.+.|
         Starting System Logging Service...
[   40.807753] cloud-init[958]: |  + . o . *.B *o+|
[   40.844869] cloud-init[958]: | .   . = *oB =.=+|
         [   40.862815] Starting /etc/rc.local Compatibility...cloud-init
[958]: |     .o.= ==* o=o|
[   40.863096] cloud-init[958]: +----[SHA256]-----+
[   40.944536] cloud-init[958]: Generating public/private ecdsa key pair.
[   40.945681] cloud-init[958]: Your identification has been saved in /etc/ssh/ssh_host_ecdsa_key.
[   40.946971] cloud-init[958]: Your public key has been saved in /etc/ssh/ssh_host_ecdsa_key.pub.
[   40.949851] cloud-init[958]: The key fingerprint is:
[   40.951286] cloud-init[958]: SHA256:vWK//Kz170jtNzuetl9dEdLc0Xq4eKxV4p+FKQa41zQ root@ubuntu-xenial
[   40.954260] cloud-init[958]: The key's randomart image is:
[   40.958981] cloud-init[958]: +---[ECDSA 256]---+
[[0;32m  OK  [0m] Started Snappy daemon.
[[   40.961921] cloud-init[958]: |             .oo+|
[   41.179821] cloud-init[958]: |              .o+|
[0;32m  OK  [0m] Started System Logging Service.
[   41.180852] cloud-init[958]: |         .     + |
[   41.304678] cloud-init[958]: |        ... E + +|
[[0;32m  OK  [0m] Started LXD - container startup/shutdown.
[[0;32m  OK  [0m] Started /etc/rc.local Compatibility.
[   41.328827] cloud-init[958]: |        S..+ = B.|
[   41.436854] cloud-init[958]: |        . ..= O.+|
[   41.453848] cloud-init[958]: |        o....=..*|
[   41.477176] cloud-init[958]: |       . + o.o B=|
[   41.516542] cloud-init[958]: |          =+o =B%|
[   41.517154] cloud-init[958]: +----[SHA256]-----+
[[0;32m  OK  [0m] Started LSB: Record successful boot for GRUB.
[   41.517591] cloud-init[958]: Generating public/private ed25519 key pair.
[   41.684728] cloud-init[958]: Your identification has been saved in /etc/ssh/ssh_host_ed25519_key.
[   41.685133] cloud-init[958]: Your public key has been saved in /etc/ssh/ssh_host_ed25519_key.pub.
[[0;32m  OK  [0m] Started Pollinate to seed the pseudo random number generator.
[   41.685316] cloud-init[958]: The key fingerprint is:
[   41.934570] cloud-init[958]: SHA256:XqtzbYezz/uIR4rSCbzc8j44EJYvnq1PXWi2Q2GOVJw root@ubuntu-xenial
[   41.935732] cloud-init[958]: The key's randomart image is:
[[0;32m  OK  [0m] Started Login to default iSCSI targets.
[   41.936127] cloud-init[958]: +--[ED25519 256]--+
[   42.135884] cloud-init[958]: |         ...     |
[   42.160613] cloud-init[958]: |         .E      |
[   42.161451] cloud-init[958]: |       .. o      |
[[0;32m  OK  [0m] Started LSB: MD monitoring daemon.
[   42.162030] cloud-init[958]: |      +. + o     |
[   42.288434] cloud-init[958]: |     . +S B .    |
[   42.320533] cloud-init[958]: |      o.+* +  .  |
[   42.332087] cloud-init[958]: |     . *o*=+ +   |
[   42.332724] cloud-init[958]: |      o.X.B.*oo. |
[[0;32m  OK  [0m] Started Login Service.
[   42.333218] cloud-init[958]: |      .ooOooo*=o.|
[   42.476830] cloud-init[958]: +----[SHA256]-----+
         Starting Authenticate and Authorize Users to Run Privileged Tasks...
[   42.478718] cloud-init[1068]: Generating locales (this might take a while)...
[   42.567121] cloud-init[1068]:   en_US.UTF-8... done
[[0;32m  OK  [0m] Reached target Remote File Systems (Pre).
[   42.567508] cloud-init[1068]: Generation complete.
[[0;32m  OK  [0m] Reached target Remote File Systems.
         Starting Permit User Sessions...
         Starting LSB: Set the CPU Frequency Scaling governor to "ondemand"...
         Starting LSB: VirtualBox Linux Additions...
         Starting LSB: daemon to balance interrupts for SMP systems...
         Starting LSB: automatic crash report generation...
[[0;32m  OK  [0m] Stopped OpenBSD Secure Shell server.
         Starting OpenBSD Secure Shell server...
[[0;32m  OK  [0m] Started OpenBSD Secure Shell server.
[[0;32m  OK  [0m] Started Permit User Sessions.
[[0;32m  OK  [0m] Started Authenticate and Authorize Users to Run Privileged Tasks.
[[0;32m  OK  [0m] Started Accounts Service.
[[0;32m  OK  [0m] Started LSB: Set the CPU Frequency Scaling governor to "ondemand".
[[0;32m  OK  [0m] Started LSB: VirtualBox Linux Additions.
[[0;32m  OK  [0m] Started LSB: daemon to balance interrupts for SMP systems.
[   43.609750] cloud-init[1068]: Cloud-init v. 17.1 running 'modules:config' at Wed, 22 Nov 2017 19:01:01 +0000. Up 39.44 seconds.
[[0;32m  OK  [0m] Created slice User Slice of ubuntu.
[[0;32m  OK  [0m] Started Session 1 of user ubuntu.
         Starting User Manager for UID 1000...
         Starting Hold until boot process finishes up...
         Starting Terminate Plymouth Boot Screen...
[[0;32m  OK  [0m] Started User Manager for UID 1000.
[[0;32m  OK  [0m] Started Apply the settings specified in cloud-config.
[[0;32m  OK  [0m] Started LSB: automatic crash report generation.
[[0;32m  OK  [0m] Started Hold until boot process finishes up.
[[0;32m  OK  [0m] Started Terminate Plymouth Boot Screen.
[[0;32m  OK  [0m] Started Getty on tty1.
[[0;32m  OK  [0m] Started Serial Getty on ttyS0.
[[0;32m  OK  [0m] Reached target Login Prompts.
         Starting Set console scheme...
[[0;32m  OK  [0m] Reached target Multi-User System.
[[0;32m  OK  [0m] Reached target Graphical Interface.
         Starting Update UTMP about System Runlevel Changes...
         Starting Execute cloud user/final scripts...
[[0;32m  OK  [0m] Started Set console scheme.
[[0;32m  OK  [0m] Started Update UTMP about System Runlevel Changes.
ci-info: no authorized ssh keys fingerprints found for user ubuntu.
<14>Nov 22 19:01:07 ec2: 
<14>Nov 22 19:01:07 ec2: #############################################################
<14>Nov 22 19:01:07 ec2: -----BEGIN SSH HOST KEY FINGERPRINTS-----
<14>Nov 22 19:01:07 ec2: 1024 SHA256:KyBr3Lf+zNmxVHwvgnblIdi/bbYs9CUfKiX6e0o+VqA root@ubuntu-xenial (DSA)
<14>Nov 22 19:01:07 ec2: 256 SHA256:vWK//Kz170jtNzuetl9dEdLc0Xq4eKxV4p+FKQa41zQ root@ubuntu-xenial (ECDSA)
<14>Nov 22 19:01:07 ec2: 256 SHA256:XqtzbYezz/uIR4rSCbzc8j44EJYvnq1PXWi2Q2GOVJw root@ubuntu-xenial (ED25519)
<14>Nov 22 19:01:07 ec2: 2048 SHA256:54gvyBRAn9sGy1iecnJRizjpH/mh09YdUT0VWoPpN1w root@ubuntu-xenial (RSA)
<14>Nov 22 19:01:07 ec2: -----END SSH HOST KEY FINGERPRINTS-----
<14>Nov 22 19:01:07 ec2: #############################################################
-----BEGIN SSH HOST KEY KEYS-----
ecdsa-sha2-nistp256 AAAAE2VjZHNhLXNoYTItbmlzdHAyNTYAAAAIbmlzdHAyNTYAAABBBFzrxZBIaVNYCP6nnEsJInCbjodk+H9BMudwbln3gSXBCT+zj8W4HNz2R3OMV0KAiaiQRDaqSPzPk2LECw8JzsY= root@ubuntu-xenial
ssh-ed25519 AAAAC3NzaC1lZDI1NTE5AAAAIAwOsfGAWO/kISBrP+MjKsUxSKSHvEO6weW8lVU9sa/E root@ubuntu-xenial
ssh-rsa AAAAB3NzaC1yc2EAAAADAQABAAABAQDOA6awsA1bhaBGAHVmN+Nqx8eITSl3yRngR0dOl4ptJ8t5IsHGBUPqu8422OQBKRdG5IxlWM5954nPY1gGDGbLL7Fbp7PAsRzkmvz6Km5RVgvnT8sXBOyqgnMV4XgJVUvuwKc9eJOirZPn49dW4ebs4oEstkj/boB7K0dPTImT8naqd1TfRw08tnHcmcHYixwbefgTu8SCjdnITMtrg7jew68XUYK4sc8DNdk9YpkdSrgzTeicRKFW6SwzSmaX/YwitoXfbXkONgNBb0StGInA4YUJKNOZ+4y2R3jgb6L7sh5SP94MkGkpP6eC07ioD2tzb++k49LJ1PfYV+ts+Mvh root@ubuntu-xenial
-----END SSH HOST KEY KEYS-----
[   46.594586] cloud-init[1332]: Cloud-init v. 17.1 running 'modules:final' at Wed, 22 Nov 2017 19:01:07 +0000. Up 45.30 seconds.
[   46.729605] [cloud-init[0;32m  OK  [0m[1332]: ] ci-info: no authorized ssh keys fingerprints found for user ubuntu.Started Execute cloud user/final scripts.

[   46.730691] cloud-init[1332]: Cloud-init v. 17.1 finished at Wed, 22 Nov 2017 19:01:08 +0000. Datasource DataSourceNoCloud [seed=/dev/sdb][dsmode=net].  Up 46.58 seconds
[[0;32m  OK  [0m] Started Session 2 of user ubuntu.
[[0;32m  OK  [0m] Reached target Cloud-init target.

Ubuntu 16.04.3 LTS ubuntu-xenial ttyS0

ubuntu-xenial login: [  174.606753] ttyPos:303 2014.10.13_01
[  174.709836] ttyPos probe:303 2014.10.13_01,index:0
[ 3352.723967] ttyPos probe:303 2014.10.13_01,index:0
